<?xml version="1.0" encoding="UTF-8"?>
<testsuite name="study.demo.singleton.ConfigurationSingletonTest" tests="2" skipped="0" failures="0" errors="0" timestamp="2024-07-20T09:30:16" hostname="DESKTOP-C5R23N5" time="0.029">
  <properties/>
  <testcase name="configurationDeep()" classname="study.demo.singleton.ConfigurationSingletonTest" time="0.014"/>
  <testcase name="configurationTest()" classname="study.demo.singleton.ConfigurationSingletonTest" time="0.014"/>
  <system-out><![CDATA[call AppConfig.memberService
call AppConfig.memberRepository
call AppConfig.orderService
bean = class study.demo.AppConfig$$SpringCGLIB$$0
call AppConfig.memberService
call AppConfig.memberRepository
call AppConfig.orderService
memberService -> memberRepository1 = study.demo.member.MemoryMemberRepository@7c901203
orderService -> memberRepository2 = study.demo.member.MemoryMemberRepository@7c901203
memberRepository = study.demo.member.MemoryMemberRepository@7c901203
]]></system-out>
  <system-err><![CDATA[]]></system-err>
</testsuite>
