<?xml version="1.0" encoding="UTF-8"?>
<testsuite name="study.demo.autowired.AutowiredTest" tests="1" skipped="0" failures="0" errors="0" timestamp="2024-07-20T09:30:16" hostname="DESKTOP-C5R23N5" time="0.014">
  <properties/>
  <testcase name="AutowiredOption()" classname="study.demo.autowired.AutowiredTest" time="0.014"/>
  <system-out><![CDATA[noBean2 = null
noBean3 = Optional.empty
]]></system-out>
  <system-err><![CDATA[]]></system-err>
</testsuite>
