<?xml version="1.0" encoding="UTF-8"?>
<testsuite name="study.demo.autowired.allBean.AllBeanTest" tests="1" skipped="0" failures="0" errors="0" timestamp="2024-07-20T09:30:16" hostname="DESKTOP-C5R23N5" time="0.156">
  <properties/>
  <testcase name="findAllBean()" classname="study.demo.autowired.allBean.AllBeanTest" time="0.156"/>
  <system-out><![CDATA[policyMap = {fixDiscountPolicy=study.demo.discount.FixDiscountPolicy@787178b1, rateDiscountPolicy=study.demo.discount.RateDiscountPolicy@24a4e2c5}
policyList = [study.demo.discount.FixDiscountPolicy@787178b1, study.demo.discount.RateDiscountPolicy@24a4e2c5]
]]></system-out>
  <system-err><![CDATA[]]></system-err>
</testsuite>
