<?xml version="1.0" encoding="UTF-8"?>
<testsuite name="study.demo.lifeCycle.BeanLifeCycleTest" tests="1" skipped="0" failures="0" errors="0" timestamp="2024-07-20T09:30:16" hostname="DESKTOP-C5R23N5" time="0.021">
  <properties/>
  <testcase name="lifeCycleTest()" classname="study.demo.lifeCycle.BeanLifeCycleTest" time="0.021"/>
  <system-out><![CDATA[생성자 호출, url = null
NetworkClient.init
connect: http://studydemo-spring.dev
call: http://studydemo-spring.dev message = 초기화 연결 메세지
NetworkClient.close
close: http://studydemo-spring.dev
]]></system-out>
  <system-err><![CDATA[]]></system-err>
</testsuite>
