<?xml version="1.0" encoding="UTF-8"?>
<testsuite name="study.demo.DemoApplicationTests" tests="1" skipped="0" failures="0" errors="0" timestamp="2024-07-20T09:30:14" hostname="DESKTOP-C5R23N5" time="1.375">
  <properties/>
  <testcase name="contextLoads()" classname="study.demo.DemoApplicationTests" time="1.375"/>
  <system-out><![CDATA[18:30:12.759 [Test worker] INFO  o.s.t.c.s.AnnotationConfigContextLoaderUtils --
                Could not detect default configuration classes for test class [study.demo.DemoApplicationTests]: DemoApplicationTests does not declare any static, non-private, non-final, nested classes annotated with @Configuration.
18:30:12.945 [Test worker] INFO  o.s.b.t.c.SpringBootTestContextBootstrapper --
                Found @SpringBootConfiguration study.demo.DemoApplication for test class study.demo.DemoApplicationTests
  .   ____          _            __ _ _
 /\\ / ___'_ __ _ _(_)_ __  __ _ \ \ \ \
( ( )\___ | '_ | '_| | '_ \/ _` | \ \ \ \
 \\/  ___)| |_)| | | | | || (_| |  ) ) ) )
  '  |____| .__|_| |_|_| |_\__, | / / / /
 =========|_|==============|___/=/_/_/_/

 :: Spring Boot ::                (v3.3.0)

18:30:13.606 [Test worker] INFO  study.demo.DemoApplicationTests --
                Starting DemoApplicationTests using Java 17.0.11 with PID 38076 (started by tanke in C:\Users\tanke\Desktop\study\workspace\spring-basic)
18:30:13.607 [Test worker] INFO  study.demo.DemoApplicationTests --
                No active profile set, falling back to 1 default profile: "default"
call AppConfig.memberService
call AppConfig.memberRepository
call AppConfig.orderService
18:30:14.670 [Test worker] INFO  study.demo.DemoApplicationTests --
                Started DemoApplicationTests in 1.425 seconds (process running for 3.965)
]]></system-out>
  <system-err><![CDATA[]]></system-err>
</testsuite>
