<?xml version="1.0" encoding="UTF-8"?>
<testsuite name="study.demo.beanDefinition.BeanDefinitionTest" tests="1" skipped="0" failures="0" errors="0" timestamp="2024-07-20T09:30:16" hostname="DESKTOP-C5R23N5" time="0.001">
  <properties/>
  <testcase name="빈 설정 메타정보 확인" classname="study.demo.beanDefinition.BeanDefinitionTest" time="0.001"/>
  <system-out><![CDATA[call AppConfig.memberService
call AppConfig.memberRepository
call AppConfig.orderService
beanDefinitionName = appConfig beanDefinition = Generic bean: class [study.demo.AppConfig$$SpringCGLIB$$0]; scope=singleton; abstract=false; lazyInit=null; autowireMode=0; dependencyCheck=0; autowireCandidate=true; primary=false; factoryBeanName=null; factoryMethodName=null; initMethodNames=null; destroyMethodNames=null
beanDefinitionName = memberService beanDefinition = Root bean: class [null]; scope=; abstract=false; lazyInit=null; autowireMode=3; dependencyCheck=0; autowireCandidate=true; primary=false; factoryBeanName=appConfig; factoryMethodName=memberService; initMethodNames=null; destroyMethodNames=[(inferred)]; defined in study.demo.AppConfig
beanDefinitionName = orderService beanDefinition = Root bean: class [null]; scope=; abstract=false; lazyInit=null; autowireMode=3; dependencyCheck=0; autowireCandidate=true; primary=false; factoryBeanName=appConfig; factoryMethodName=orderService; initMethodNames=null; destroyMethodNames=[(inferred)]; defined in study.demo.AppConfig
beanDefinitionName = memberRepository beanDefinition = Root bean: class [null]; scope=; abstract=false; lazyInit=null; autowireMode=3; dependencyCheck=0; autowireCandidate=true; primary=false; factoryBeanName=appConfig; factoryMethodName=memberRepository; initMethodNames=null; destroyMethodNames=[(inferred)]; defined in study.demo.AppConfig
beanDefinitionName = discountPolicy beanDefinition = Root bean: class [null]; scope=; abstract=false; lazyInit=null; autowireMode=3; dependencyCheck=0; autowireCandidate=true; primary=false; factoryBeanName=appConfig; factoryMethodName=discountPolicy; initMethodNames=null; destroyMethodNames=[(inferred)]; defined in study.demo.AppConfig
]]></system-out>
  <system-err><![CDATA[]]></system-err>
</testsuite>
