<?xml version="1.0" encoding="UTF-8"?>
<testsuite name="study.demo.beanFind.ApplicationContextSameBeanFindTest" tests="3" skipped="0" failures="0" errors="0" timestamp="2024-07-20T09:30:16" hostname="DESKTOP-C5R23N5" time="0.022">
  <properties/>
  <testcase name="타입으로 조회시 같은 타입이 둘 이상 있으면 중복오류 발생" classname="study.demo.beanFind.ApplicationContextSameBeanFindTest" time="0.001"/>
  <testcase name="특정 타입을 모두 조회하기" classname="study.demo.beanFind.ApplicationContextSameBeanFindTest" time="0.001"/>
  <testcase name="타입으로 조회시 같은타입이 둘 이상 있으면 빈 이름 지정" classname="study.demo.beanFind.ApplicationContextSameBeanFindTest" time="0.001"/>
  <system-out><![CDATA[key = memberRepository1 value = study.demo.member.MemoryMemberRepository@19eea77c
key = memberRepository2 value = study.demo.member.MemoryMemberRepository@6682e6a5
beansOfType = {memberRepository1=study.demo.member.MemoryMemberRepository@19eea77c, memberRepository2=study.demo.member.MemoryMemberRepository@6682e6a5}
]]></system-out>
  <system-err><![CDATA[]]></system-err>
</testsuite>
