<?xml version="1.0" encoding="UTF-8"?>
<testsuite name="study.demo.singleton.SingletonTest" tests="3" skipped="0" failures="0" errors="0" timestamp="2024-07-20T09:30:16" hostname="DESKTOP-C5R23N5" time="0.014">
  <properties/>
  <testcase name="스프링 없는 DI 컨테이너" classname="study.demo.singleton.SingletonTest" time="0.001"/>
  <testcase name="싱클톤 패턴 적용한 객체 사용" classname="study.demo.singleton.SingletonTest" time="0.0"/>
  <testcase name="스프링 컨테이너와 싱글톤" classname="study.demo.singleton.SingletonTest" time="0.011"/>
  <system-out><![CDATA[call AppConfig.memberService
call AppConfig.memberRepository
call AppConfig.memberService
call AppConfig.memberRepository
memberService1 = study.demo.member.MemberServiceImpl@1e721583
memberService2 = study.demo.member.MemberServiceImpl@79f5a6ed
singletonService1 = study.demo.singleton.SingletonService@722787b5
singletonService2 = study.demo.singleton.SingletonService@722787b5
싱글톤 객체 로직 호출
call AppConfig.memberService
call AppConfig.memberRepository
call AppConfig.orderService
memberService1 = study.demo.member.MemberServiceImpl@4a9b3956
memberService2 = study.demo.member.MemberServiceImpl@4a9b3956
]]></system-out>
  <system-err><![CDATA[]]></system-err>
</testsuite>
