<?xml version="1.0" encoding="UTF-8"?>
<testsuite name="study.demo.discount.RateDiscountPolicyTest" tests="2" skipped="0" failures="0" errors="0" timestamp="2024-07-20T09:30:16" hostname="DESKTOP-C5R23N5" time="0.002">
  <properties/>
  <testcase name="VIP등급 10% Discount" classname="study.demo.discount.RateDiscountPolicyTest" time="0.001"/>
  <testcase name="일반등급 No Discount" classname="study.demo.discount.RateDiscountPolicyTest" time="0.001"/>
  <system-out><![CDATA[]]></system-out>
  <system-err><![CDATA[]]></system-err>
</testsuite>
