<?xml version="1.0" encoding="UTF-8"?>
<testsuite name="study.demo.beanFind.ApplicationContextBasicFindTest" tests="4" skipped="0" failures="0" errors="0" timestamp="2024-07-20T09:30:16" hostname="DESKTOP-C5R23N5" time="0.04">
  <properties/>
  <testcase name="구체 타입으로 조회" classname="study.demo.beanFind.ApplicationContextBasicFindTest" time="0.001"/>
  <testcase name="빈 이름으로 조회: 결과없음" classname="study.demo.beanFind.ApplicationContextBasicFindTest" time="0.002"/>
  <testcase name="빈 이름으로 조회" classname="study.demo.beanFind.ApplicationContextBasicFindTest" time="0.001"/>
  <testcase name="빈 이름없이 타입으로만 조회" classname="study.demo.beanFind.ApplicationContextBasicFindTest" time="0.0"/>
  <system-out><![CDATA[call AppConfig.memberService
call AppConfig.memberRepository
call AppConfig.orderService
call AppConfig.memberService
call AppConfig.memberRepository
call AppConfig.orderService
call AppConfig.memberService
call AppConfig.memberRepository
call AppConfig.orderService
call AppConfig.memberService
call AppConfig.memberRepository
call AppConfig.orderService
]]></system-out>
  <system-err><![CDATA[]]></system-err>
</testsuite>
