<?xml version="1.0" encoding="UTF-8"?>
<testsuite name="study.demo.order.OrderServiceImplTest" tests="1" skipped="0" failures="0" errors="0" timestamp="2024-07-20T09:30:16" hostname="DESKTOP-C5R23N5" time="0.0">
  <properties/>
  <testcase name="createOrder()" classname="study.demo.order.OrderServiceImplTest" time="0.0"/>
  <system-out><![CDATA[]]></system-out>
  <system-err><![CDATA[]]></system-err>
</testsuite>
